{"/Users/hulin/Documents/projects/491jobseeker/v5/modules/frontend/src/App.tsx": {"path":"/Users/hulin/Documents/projects/491jobseeker/v5/modules/frontend/src/App.tsx","all":false,"statementMap":{"0":{"start":{"line":1,"column":0},"end":{"line":1,"column":32}},"1":{"start":{"line":2,"column":0},"end":{"line":2,"column":50}},"2":{"start":{"line":3,"column":0},"end":{"line":3,"column":54}},"3":{"start":{"line":4,"column":0},"end":{"line":4,"column":46}},"4":{"start":{"line":5,"column":0},"end":{"line":5,"column":50}},"7":{"start":{"line":8,"column":0},"end":{"line":8,"column":16}},"8":{"start":{"line":9,"column":0},"end":{"line":9,"column":56}},"9":{"start":{"line":10,"column":0},"end":{"line":10,"column":66}},"11":{"start":{"line":12,"column":0},"end":{"line":12,"column":30}},"14":{"start":{"line":15,"column":0},"end":{"line":15,"column":3}},"16":{"start":{"line":17,"column":0},"end":{"line":17,"column":52}},"17":{"start":{"line":18,"column":0},"end":{"line":18,"column":70}},"18":{"start":{"line":19,"column":0},"end":{"line":19,"column":3}},"20":{"start":{"line":21,"column":0},"end":{"line":21,"column":10}},"21":{"start":{"line":22,"column":0},"end":{"line":22,"column":58}},"23":{"start":{"line":24,"column":0},"end":{"line":24,"column":53}},"24":{"start":{"line":25,"column":0},"end":{"line":25,"column":43}},"25":{"start":{"line":26,"column":0},"end":{"line":26,"column":68}},"26":{"start":{"line":27,"column":0},"end":{"line":27,"column":20}},"27":{"start":{"line":28,"column":0},"end":{"line":28,"column":41}},"28":{"start":{"line":29,"column":0},"end":{"line":29,"column":42}},"29":{"start":{"line":30,"column":0},"end":{"line":30,"column":35}},"30":{"start":{"line":31,"column":0},"end":{"line":31,"column":12}},"31":{"start":{"line":32,"column":0},"end":{"line":32,"column":14}},"32":{"start":{"line":33,"column":0},"end":{"line":33,"column":15}},"35":{"start":{"line":36,"column":0},"end":{"line":36,"column":75}},"36":{"start":{"line":37,"column":0},"end":{"line":37,"column":120}},"38":{"start":{"line":39,"column":0},"end":{"line":39,"column":75}},"39":{"start":{"line":40,"column":0},"end":{"line":40,"column":67}},"40":{"start":{"line":41,"column":0},"end":{"line":41,"column":18}},"43":{"start":{"line":44,"column":0},"end":{"line":44,"column":72}},"44":{"start":{"line":45,"column":0},"end":{"line":45,"column":20}},"45":{"start":{"line":46,"column":0},"end":{"line":46,"column":31}},"46":{"start":{"line":47,"column":0},"end":{"line":47,"column":53}},"47":{"start":{"line":48,"column":0},"end":{"line":48,"column":42}},"48":{"start":{"line":49,"column":0},"end":{"line":49,"column":14}},"49":{"start":{"line":50,"column":0},"end":{"line":50,"column":20}},"52":{"start":{"line":53,"column":0},"end":{"line":53,"column":77}},"53":{"start":{"line":54,"column":0},"end":{"line":54,"column":43}},"54":{"start":{"line":55,"column":0},"end":{"line":55,"column":20}},"55":{"start":{"line":56,"column":0},"end":{"line":56,"column":14}},"56":{"start":{"line":57,"column":0},"end":{"line":57,"column":13}},"57":{"start":{"line":58,"column":0},"end":{"line":58,"column":10}},"59":{"start":{"line":60,"column":0},"end":{"line":60,"column":1}},"61":{"start":{"line":62,"column":0},"end":{"line":62,"column":18}}},"s":{"0":1,"1":1,"2":1,"3":1,"4":1,"7":13,"8":13,"9":13,"11":13,"14":0,"16":13,"17":5,"18":5,"20":13,"21":13,"23":13,"24":13,"25":13,"26":13,"27":13,"28":13,"29":13,"30":13,"31":13,"32":13,"35":13,"36":13,"38":13,"39":13,"40":13,"43":13,"44":13,"45":13,"46":13,"47":13,"48":13,"49":13,"52":13,"53":13,"54":13,"55":13,"56":13,"57":13,"59":13,"61":1},"branchMap":{"0":{"type":"branch","line":8,"loc":{"start":{"line":8,"column":0},"end":{"line":60,"column":1}},"locations":[{"start":{"line":8,"column":0},"end":{"line":60,"column":1}}]},"1":{"type":"branch","line":28,"loc":{"start":{"line":28,"column":27},"end":{"line":28,"column":41}},"locations":[{"start":{"line":28,"column":27},"end":{"line":28,"column":41}}]},"2":{"type":"branch","line":47,"loc":{"start":{"line":47,"column":29},"end":{"line":47,"column":48}},"locations":[{"start":{"line":47,"column":29},"end":{"line":47,"column":48}}]},"3":{"type":"branch","line":17,"loc":{"start":{"line":17,"column":30},"end":{"line":19,"column":3}},"locations":[{"start":{"line":17,"column":30},"end":{"line":19,"column":3}}]},"4":{"type":"branch","line":18,"loc":{"start":{"line":18,"column":15},"end":{"line":18,"column":69}},"locations":[{"start":{"line":18,"column":15},"end":{"line":18,"column":69}}]},"5":{"type":"branch","line":18,"loc":{"start":{"line":18,"column":46},"end":{"line":18,"column":67}},"locations":[{"start":{"line":18,"column":46},"end":{"line":18,"column":67}}]}},"b":{"0":[13],"1":[8],"2":[0],"3":[5],"4":[5],"5":[0]},"fnMap":{"0":{"name":"App","decl":{"start":{"line":8,"column":0},"end":{"line":60,"column":1}},"loc":{"start":{"line":8,"column":0},"end":{"line":60,"column":1}},"line":8},"1":{"name":"handleSearch","decl":{"start":{"line":12,"column":23},"end":{"line":15,"column":3}},"loc":{"start":{"line":12,"column":23},"end":{"line":15,"column":3}},"line":12},"2":{"name":"handleKeywordChange","decl":{"start":{"line":17,"column":30},"end":{"line":19,"column":3}},"loc":{"start":{"line":17,"column":30},"end":{"line":19,"column":3}},"line":17}},"f":{"0":13,"1":0,"2":5}}
,"/Users/hulin/Documents/projects/491jobseeker/v5/modules/frontend/src/main.tsx": {"path":"/Users/hulin/Documents/projects/491jobseeker/v5/modules/frontend/src/main.tsx","all":true,"statementMap":{"0":{"start":{"line":1,"column":0},"end":{"line":1,"column":34}},"1":{"start":{"line":2,"column":0},"end":{"line":2,"column":45}},"2":{"start":{"line":3,"column":0},"end":{"line":3,"column":72}},"3":{"start":{"line":4,"column":0},"end":{"line":4,"column":20}},"4":{"start":{"line":5,"column":0},"end":{"line":5,"column":23}},"6":{"start":{"line":7,"column":0},"end":{"line":7,"column":37}},"7":{"start":{"line":8,"column":0},"end":{"line":8,"column":19}},"8":{"start":{"line":9,"column":0},"end":{"line":9,"column":14}},"9":{"start":{"line":10,"column":0},"end":{"line":10,"column":44}},"10":{"start":{"line":11,"column":0},"end":{"line":11,"column":34}},"11":{"start":{"line":12,"column":0},"end":{"line":12,"column":6}},"12":{"start":{"line":13,"column":0},"end":{"line":13,"column":4}},"13":{"start":{"line":14,"column":0},"end":{"line":14,"column":2}},"15":{"start":{"line":16,"column":0},"end":{"line":16,"column":52}},"16":{"start":{"line":17,"column":0},"end":{"line":17,"column":14}},"17":{"start":{"line":18,"column":0},"end":{"line":18,"column":46}},"18":{"start":{"line":19,"column":0},"end":{"line":19,"column":13}},"19":{"start":{"line":20,"column":0},"end":{"line":20,"column":26}},"20":{"start":{"line":21,"column":0},"end":{"line":21,"column":15}},"21":{"start":{"line":22,"column":0},"end":{"line":22,"column":1}}},"s":{"0":0,"1":0,"2":0,"3":0,"4":0,"6":0,"7":0,"8":0,"9":0,"10":0,"11":0,"12":0,"13":0,"15":0,"16":0,"17":0,"18":0,"19":0,"20":0,"21":0},"branchMap":{"0":{"type":"branch","line":1,"loc":{"start":{"line":1,"column":490},"end":{"line":22,"column":-343}},"locations":[{"start":{"line":1,"column":490},"end":{"line":22,"column":-343}}]}},"b":{"0":[0]},"fnMap":{"0":{"name":"(empty-report)","decl":{"start":{"line":1,"column":490},"end":{"line":22,"column":-343}},"loc":{"start":{"line":1,"column":490},"end":{"line":22,"column":-343}},"line":1}},"f":{"0":0}}
,"/Users/hulin/Documents/projects/491jobseeker/v5/modules/frontend/src/testing-library.d.ts": {"path":"/Users/hulin/Documents/projects/491jobseeker/v5/modules/frontend/src/testing-library.d.ts","all":true,"statementMap":{},"s":{},"branchMap":{"0":{"type":"branch","line":1,"loc":{"start":{"line":1,"column":255},"end":{"line":6,"column":1}},"locations":[{"start":{"line":1,"column":255},"end":{"line":6,"column":1}}]}},"b":{"0":[1]},"fnMap":{"0":{"name":"(empty-report)","decl":{"start":{"line":1,"column":255},"end":{"line":6,"column":1}},"loc":{"start":{"line":1,"column":255},"end":{"line":6,"column":1}},"line":1}},"f":{"0":1}}
,"/Users/hulin/Documents/projects/491jobseeker/v5/modules/frontend/src/vite-env.d.ts": {"path":"/Users/hulin/Documents/projects/491jobseeker/v5/modules/frontend/src/vite-env.d.ts","all":true,"statementMap":{},"s":{},"branchMap":{"0":{"type":"branch","line":1,"loc":{"start":{"line":1,"column":37},"end":{"line":1,"column":37}},"locations":[{"start":{"line":1,"column":37},"end":{"line":1,"column":37}}]}},"b":{"0":[1]},"fnMap":{"0":{"name":"(empty-report)","decl":{"start":{"line":1,"column":37},"end":{"line":1,"column":37}},"loc":{"start":{"line":1,"column":37},"end":{"line":1,"column":37}},"line":1}},"f":{"0":1}}
,"/Users/hulin/Documents/projects/491jobseeker/v5/modules/frontend/src/components/FilterPanel.tsx": {"path":"/Users/hulin/Documents/projects/491jobseeker/v5/modules/frontend/src/components/FilterPanel.tsx","all":false,"statementMap":{"0":{"start":{"line":1,"column":0},"end":{"line":1,"column":36}},"1":{"start":{"line":2,"column":0},"end":{"line":2,"column":34}},"2":{"start":{"line":3,"column":0},"end":{"line":3,"column":36}},"10":{"start":{"line":11,"column":0},"end":{"line":11,"column":26}},"11":{"start":{"line":12,"column":0},"end":{"line":12,"column":31}},"12":{"start":{"line":13,"column":0},"end":{"line":13,"column":38}},"13":{"start":{"line":14,"column":0},"end":{"line":14,"column":38}},"14":{"start":{"line":15,"column":0},"end":{"line":15,"column":38}},"15":{"start":{"line":16,"column":0},"end":{"line":16,"column":35}},"16":{"start":{"line":17,"column":0},"end":{"line":17,"column":38}},"17":{"start":{"line":18,"column":0},"end":{"line":18,"column":10}},"19":{"start":{"line":20,"column":0},"end":{"line":20,"column":27}},"20":{"start":{"line":21,"column":0},"end":{"line":21,"column":31}},"21":{"start":{"line":22,"column":0},"end":{"line":22,"column":37}},"22":{"start":{"line":23,"column":0},"end":{"line":23,"column":37}},"23":{"start":{"line":24,"column":0},"end":{"line":24,"column":37}},"24":{"start":{"line":25,"column":0},"end":{"line":25,"column":10}},"26":{"start":{"line":27,"column":0},"end":{"line":27,"column":70}},"27":{"start":{"line":28,"column":0},"end":{"line":28,"column":78}},"28":{"start":{"line":29,"column":0},"end":{"line":29,"column":55}},"29":{"start":{"line":30,"column":0},"end":{"line":30,"column":3}},"31":{"start":{"line":32,"column":0},"end":{"line":32,"column":30}},"32":{"start":{"line":33,"column":0},"end":{"line":33,"column":16}},"33":{"start":{"line":34,"column":0},"end":{"line":34,"column":3}},"35":{"start":{"line":36,"column":0},"end":{"line":36,"column":58}},"37":{"start":{"line":38,"column":0},"end":{"line":38,"column":10}},"38":{"start":{"line":39,"column":0},"end":{"line":39,"column":61}},"39":{"start":{"line":40,"column":0},"end":{"line":40,"column":57}},"40":{"start":{"line":41,"column":0},"end":{"line":41,"column":47}},"41":{"start":{"line":42,"column":0},"end":{"line":42,"column":30}},"42":{"start":{"line":43,"column":0},"end":{"line":43,"column":67}},"44":{"start":{"line":45,"column":0},"end":{"line":45,"column":19}},"46":{"start":{"line":47,"column":0},"end":{"line":47,"column":12}},"48":{"start":{"line":49,"column":0},"end":{"line":49,"column":33}},"49":{"start":{"line":50,"column":0},"end":{"line":50,"column":13}},"50":{"start":{"line":51,"column":0},"end":{"line":51,"column":79}},"52":{"start":{"line":53,"column":0},"end":{"line":53,"column":18}},"53":{"start":{"line":54,"column":0},"end":{"line":54,"column":16}},"54":{"start":{"line":55,"column":0},"end":{"line":55,"column":25}},"55":{"start":{"line":56,"column":0},"end":{"line":56,"column":33}},"56":{"start":{"line":57,"column":0},"end":{"line":57,"column":42}},"57":{"start":{"line":58,"column":0},"end":{"line":58,"column":70}},"58":{"start":{"line":59,"column":0},"end":{"line":59,"column":12}},"59":{"start":{"line":60,"column":0},"end":{"line":60,"column":14}},"61":{"start":{"line":62,"column":0},"end":{"line":62,"column":13}},"62":{"start":{"line":63,"column":0},"end":{"line":63,"column":85}},"64":{"start":{"line":65,"column":0},"end":{"line":65,"column":18}},"65":{"start":{"line":66,"column":0},"end":{"line":66,"column":17}},"66":{"start":{"line":67,"column":0},"end":{"line":67,"column":31}},"67":{"start":{"line":68,"column":0},"end":{"line":68,"column":48}},"68":{"start":{"line":69,"column":0},"end":{"line":69,"column":106}},"70":{"start":{"line":71,"column":0},"end":{"line":71,"column":45}},"71":{"start":{"line":72,"column":0},"end":{"line":72,"column":58}},"72":{"start":{"line":73,"column":0},"end":{"line":73,"column":28}},"73":{"start":{"line":74,"column":0},"end":{"line":74,"column":23}},"74":{"start":{"line":75,"column":0},"end":{"line":75,"column":15}},"75":{"start":{"line":76,"column":0},"end":{"line":76,"column":19}},"76":{"start":{"line":77,"column":0},"end":{"line":77,"column":14}},"78":{"start":{"line":79,"column":0},"end":{"line":79,"column":13}},"79":{"start":{"line":80,"column":0},"end":{"line":80,"column":86}},"81":{"start":{"line":82,"column":0},"end":{"line":82,"column":18}},"82":{"start":{"line":83,"column":0},"end":{"line":83,"column":17}},"83":{"start":{"line":84,"column":0},"end":{"line":84,"column":32}},"84":{"start":{"line":85,"column":0},"end":{"line":85,"column":49}},"85":{"start":{"line":86,"column":0},"end":{"line":86,"column":108}},"87":{"start":{"line":88,"column":0},"end":{"line":88,"column":53}},"88":{"start":{"line":89,"column":0},"end":{"line":89,"column":72}},"89":{"start":{"line":90,"column":0},"end":{"line":90,"column":35}},"90":{"start":{"line":91,"column":0},"end":{"line":91,"column":23}},"91":{"start":{"line":92,"column":0},"end":{"line":92,"column":15}},"92":{"start":{"line":93,"column":0},"end":{"line":93,"column":19}},"93":{"start":{"line":94,"column":0},"end":{"line":94,"column":14}},"94":{"start":{"line":95,"column":0},"end":{"line":95,"column":12}},"95":{"start":{"line":96,"column":0},"end":{"line":96,"column":10}},"97":{"start":{"line":98,"column":0},"end":{"line":98,"column":1}}},"s":{"0":1,"1":1,"2":1,"10":1,"11":1,"12":1,"13":1,"14":1,"15":1,"16":1,"17":1,"19":1,"20":1,"21":1,"22":1,"23":1,"24":1,"26":1,"27":22,"28":8,"29":8,"31":22,"32":1,"33":1,"35":22,"37":22,"38":22,"39":22,"40":22,"41":22,"42":8,"44":8,"46":22,"48":22,"49":22,"50":22,"52":22,"53":22,"54":22,"55":22,"56":22,"57":22,"58":22,"59":22,"61":22,"62":22,"64":22,"65":22,"66":22,"67":22,"68":22,"70":22,"71":132,"72":132,"73":132,"74":22,"75":22,"76":22,"78":22,"79":22,"81":22,"82":22,"83":22,"84":22,"85":22,"87":22,"88":88,"89":88,"90":88,"91":22,"92":22,"93":22,"94":22,"95":22,"97":22},"branchMap":{"0":{"type":"branch","line":27,"loc":{"start":{"line":27,"column":7},"end":{"line":98,"column":1}},"locations":[{"start":{"line":27,"column":7},"end":{"line":98,"column":1}}]},"1":{"type":"branch","line":42,"loc":{"start":{"line":42,"column":9},"end":{"line":45,"column":19}},"locations":[{"start":{"line":42,"column":9},"end":{"line":45,"column":19}}]},"2":{"type":"branch","line":57,"loc":{"start":{"line":57,"column":27},"end":{"line":57,"column":42}},"locations":[{"start":{"line":57,"column":27},"end":{"line":57,"column":42}}]},"3":{"type":"branch","line":68,"loc":{"start":{"line":68,"column":27},"end":{"line":68,"column":48}},"locations":[{"start":{"line":68,"column":27},"end":{"line":68,"column":48}}]},"4":{"type":"branch","line":28,"loc":{"start":{"line":28,"column":23},"end":{"line":30,"column":3}},"locations":[{"start":{"line":28,"column":23},"end":{"line":30,"column":3}}]},"5":{"type":"branch","line":29,"loc":{"start":{"line":29,"column":34},"end":{"line":29,"column":53}},"locations":[{"start":{"line":29,"column":34},"end":{"line":29,"column":53}}]},"6":{"type":"branch","line":32,"loc":{"start":{"line":32,"column":23},"end":{"line":34,"column":3}},"locations":[{"start":{"line":32,"column":23},"end":{"line":34,"column":3}}]},"7":{"type":"branch","line":58,"loc":{"start":{"line":58,"column":22},"end":{"line":58,"column":70}},"locations":[{"start":{"line":58,"column":22},"end":{"line":58,"column":70}}]},"8":{"type":"branch","line":69,"loc":{"start":{"line":69,"column":22},"end":{"line":69,"column":106}},"locations":[{"start":{"line":69,"column":22},"end":{"line":69,"column":106}}]},"9":{"type":"branch","line":71,"loc":{"start":{"line":71,"column":34},"end":{"line":74,"column":23}},"locations":[{"start":{"line":71,"column":34},"end":{"line":74,"column":23}}]},"10":{"type":"branch","line":86,"loc":{"start":{"line":86,"column":22},"end":{"line":86,"column":108}},"locations":[{"start":{"line":86,"column":22},"end":{"line":86,"column":108}}]},"11":{"type":"branch","line":88,"loc":{"start":{"line":88,"column":35},"end":{"line":91,"column":23}},"locations":[{"start":{"line":88,"column":35},"end":{"line":91,"column":23}}]}},"b":{"0":[22],"1":[8],"2":[19],"3":[21],"4":[8],"5":[0],"6":[1],"7":[6],"8":[1],"9":[132],"10":[1],"11":[88]},"fnMap":{"0":{"name":"FilterPanel","decl":{"start":{"line":27,"column":7},"end":{"line":98,"column":1}},"loc":{"start":{"line":27,"column":7},"end":{"line":98,"column":1}},"line":27},"1":{"name":"updateFilter","decl":{"start":{"line":28,"column":23},"end":{"line":30,"column":3}},"loc":{"start":{"line":28,"column":23},"end":{"line":30,"column":3}},"line":28},"2":{"name":"clearFilters","decl":{"start":{"line":32,"column":23},"end":{"line":34,"column":3}},"loc":{"start":{"line":32,"column":23},"end":{"line":34,"column":3}},"line":32},"3":{"name":"onChange","decl":{"start":{"line":58,"column":22},"end":{"line":58,"column":70}},"loc":{"start":{"line":58,"column":22},"end":{"line":58,"column":70}},"line":58},"4":{"name":"onChange","decl":{"start":{"line":69,"column":22},"end":{"line":69,"column":106}},"loc":{"start":{"line":69,"column":22},"end":{"line":69,"column":106}},"line":69},"5":{"name":"onChange","decl":{"start":{"line":86,"column":22},"end":{"line":86,"column":108}},"loc":{"start":{"line":86,"column":22},"end":{"line":86,"column":108}},"line":86}},"f":{"0":22,"1":8,"2":1,"3":6,"4":1,"5":1}}
,"/Users/hulin/Documents/projects/491jobseeker/v5/modules/frontend/src/components/JobCard.tsx": {"path":"/Users/hulin/Documents/projects/491jobseeker/v5/modules/frontend/src/components/JobCard.tsx","all":false,"statementMap":{"0":{"start":{"line":1,"column":0},"end":{"line":1,"column":55}},"1":{"start":{"line":2,"column":0},"end":{"line":2,"column":34}},"2":{"start":{"line":3,"column":0},"end":{"line":3,"column":57}},"3":{"start":{"line":4,"column":0},"end":{"line":4,"column":40}},"12":{"start":{"line":13,"column":0},"end":{"line":13,"column":56}},"13":{"start":{"line":14,"column":0},"end":{"line":14,"column":18}},"14":{"start":{"line":15,"column":0},"end":{"line":15,"column":18}},"15":{"start":{"line":16,"column":0},"end":{"line":16,"column":18}},"16":{"start":{"line":17,"column":0},"end":{"line":17,"column":15}},"17":{"start":{"line":18,"column":0},"end":{"line":18,"column":18}},"18":{"start":{"line":19,"column":0},"end":{"line":19,"column":10}},"20":{"start":{"line":21,"column":0},"end":{"line":21,"column":57}},"21":{"start":{"line":22,"column":0},"end":{"line":22,"column":15}},"22":{"start":{"line":23,"column":0},"end":{"line":23,"column":15}},"23":{"start":{"line":24,"column":0},"end":{"line":24,"column":15}},"24":{"start":{"line":25,"column":0},"end":{"line":25,"column":10}},"26":{"start":{"line":27,"column":0},"end":{"line":27,"column":67}},"27":{"start":{"line":28,"column":0},"end":{"line":28,"column":10}},"28":{"start":{"line":29,"column":0},"end":{"line":29,"column":9}},"29":{"start":{"line":30,"column":0},"end":{"line":30,"column":72}},"30":{"start":{"line":31,"column":0},"end":{"line":31,"column":50}},"31":{"start":{"line":32,"column":0},"end":{"line":32,"column":9}},"32":{"start":{"line":33,"column":0},"end":{"line":33,"column":23}},"34":{"start":{"line":35,"column":0},"end":{"line":35,"column":35}},"35":{"start":{"line":36,"column":0},"end":{"line":36,"column":67}},"36":{"start":{"line":37,"column":0},"end":{"line":37,"column":70}},"37":{"start":{"line":38,"column":0},"end":{"line":38,"column":19}},"38":{"start":{"line":39,"column":0},"end":{"line":39,"column":41}},"39":{"start":{"line":40,"column":0},"end":{"line":40,"column":76}},"40":{"start":{"line":41,"column":0},"end":{"line":41,"column":52}},"41":{"start":{"line":42,"column":0},"end":{"line":42,"column":46}},"42":{"start":{"line":43,"column":0},"end":{"line":43,"column":35}},"43":{"start":{"line":44,"column":0},"end":{"line":44,"column":17}},"44":{"start":{"line":45,"column":0},"end":{"line":45,"column":52}},"45":{"start":{"line":46,"column":0},"end":{"line":46,"column":49}},"46":{"start":{"line":47,"column":0},"end":{"line":47,"column":56}},"47":{"start":{"line":48,"column":0},"end":{"line":48,"column":17}},"48":{"start":{"line":49,"column":0},"end":{"line":49,"column":55}},"49":{"start":{"line":50,"column":0},"end":{"line":50,"column":58}},"50":{"start":{"line":51,"column":0},"end":{"line":51,"column":18}},"51":{"start":{"line":52,"column":0},"end":{"line":52,"column":14}},"53":{"start":{"line":54,"column":0},"end":{"line":54,"column":79}},"54":{"start":{"line":55,"column":0},"end":{"line":55,"column":39}},"55":{"start":{"line":56,"column":0},"end":{"line":56,"column":50}},"56":{"start":{"line":57,"column":0},"end":{"line":57,"column":14}},"57":{"start":{"line":58,"column":0},"end":{"line":58,"column":20}},"58":{"start":{"line":59,"column":0},"end":{"line":59,"column":11}},"60":{"start":{"line":61,"column":0},"end":{"line":61,"column":1}}},"s":{"0":1,"1":1,"2":1,"3":1,"12":1,"13":1,"14":1,"15":1,"16":1,"17":1,"18":1,"20":1,"21":1,"22":1,"23":1,"24":1,"26":1,"27":9,"28":9,"29":9,"30":9,"31":9,"32":9,"34":9,"35":9,"36":9,"37":9,"38":9,"39":9,"40":9,"41":9,"42":9,"43":9,"44":9,"45":9,"46":9,"47":9,"48":9,"49":9,"50":9,"51":9,"53":9,"54":9,"55":9,"56":9,"57":9,"58":9,"60":9},"branchMap":{"0":{"type":"branch","line":27,"loc":{"start":{"line":27,"column":7},"end":{"line":61,"column":1}},"locations":[{"start":{"line":27,"column":7},"end":{"line":61,"column":1}}]},"1":{"type":"branch","line":31,"loc":{"start":{"line":31,"column":8},"end":{"line":31,"column":48}},"locations":[{"start":{"line":31,"column":8},"end":{"line":31,"column":48}}]},"2":{"type":"branch","line":31,"loc":{"start":{"line":31,"column":19},"end":{"line":31,"column":50}},"locations":[{"start":{"line":31,"column":19},"end":{"line":31,"column":50}}]}},"b":{"0":[9],"1":[1],"2":[8]},"fnMap":{"0":{"name":"JobCard","decl":{"start":{"line":27,"column":7},"end":{"line":61,"column":1}},"loc":{"start":{"line":27,"column":7},"end":{"line":61,"column":1}},"line":27}},"f":{"0":9}}
,"/Users/hulin/Documents/projects/491jobseeker/v5/modules/frontend/src/components/JobDetail.tsx": {"path":"/Users/hulin/Documents/projects/491jobseeker/v5/modules/frontend/src/components/JobDetail.tsx","all":false,"statementMap":{"0":{"start":{"line":1,"column":0},"end":{"line":1,"column":72}},"1":{"start":{"line":2,"column":0},"end":{"line":2,"column":34}},"2":{"start":{"line":3,"column":0},"end":{"line":3,"column":36}},"3":{"start":{"line":4,"column":0},"end":{"line":4,"column":68}},"4":{"start":{"line":5,"column":0},"end":{"line":5,"column":40}},"11":{"start":{"line":12,"column":0},"end":{"line":12,"column":56}},"12":{"start":{"line":13,"column":0},"end":{"line":13,"column":18}},"13":{"start":{"line":14,"column":0},"end":{"line":14,"column":18}},"14":{"start":{"line":15,"column":0},"end":{"line":15,"column":18}},"15":{"start":{"line":16,"column":0},"end":{"line":16,"column":15}},"16":{"start":{"line":17,"column":0},"end":{"line":17,"column":18}},"17":{"start":{"line":18,"column":0},"end":{"line":18,"column":10}},"19":{"start":{"line":20,"column":0},"end":{"line":20,"column":57}},"20":{"start":{"line":21,"column":0},"end":{"line":21,"column":17}},"21":{"start":{"line":22,"column":0},"end":{"line":22,"column":17}},"22":{"start":{"line":23,"column":0},"end":{"line":23,"column":17}},"23":{"start":{"line":24,"column":0},"end":{"line":24,"column":10}},"25":{"start":{"line":26,"column":0},"end":{"line":26,"column":52}},"26":{"start":{"line":27,"column":0},"end":{"line":27,"column":13}},"27":{"start":{"line":28,"column":0},"end":{"line":28,"column":12}},"28":{"start":{"line":29,"column":0},"end":{"line":29,"column":85}},"29":{"start":{"line":30,"column":0},"end":{"line":30,"column":29}},"30":{"start":{"line":31,"column":0},"end":{"line":31,"column":12}},"32":{"start":{"line":33,"column":0},"end":{"line":33,"column":3}},"34":{"start":{"line":35,"column":0},"end":{"line":35,"column":10}},"35":{"start":{"line":36,"column":0},"end":{"line":36,"column":44}},"36":{"start":{"line":37,"column":0},"end":{"line":37,"column":12}},"37":{"start":{"line":38,"column":0},"end":{"line":38,"column":20}},"38":{"start":{"line":39,"column":0},"end":{"line":39,"column":60}},"39":{"start":{"line":40,"column":0},"end":{"line":40,"column":36}},"40":{"start":{"line":41,"column":0},"end":{"line":41,"column":65}},"41":{"start":{"line":42,"column":0},"end":{"line":42,"column":77}},"42":{"start":{"line":43,"column":0},"end":{"line":43,"column":49}},"43":{"start":{"line":44,"column":0},"end":{"line":44,"column":42}},"44":{"start":{"line":45,"column":0},"end":{"line":45,"column":20}},"45":{"start":{"line":46,"column":0},"end":{"line":46,"column":18}},"46":{"start":{"line":47,"column":0},"end":{"line":47,"column":16}},"47":{"start":{"line":48,"column":0},"end":{"line":48,"column":21}},"49":{"start":{"line":50,"column":0},"end":{"line":50,"column":43}},"51":{"start":{"line":52,"column":0},"end":{"line":52,"column":50}},"52":{"start":{"line":53,"column":0},"end":{"line":53,"column":39}},"53":{"start":{"line":54,"column":0},"end":{"line":54,"column":67}},"54":{"start":{"line":55,"column":0},"end":{"line":55,"column":89}},"55":{"start":{"line":56,"column":0},"end":{"line":56,"column":18}},"56":{"start":{"line":57,"column":0},"end":{"line":57,"column":39}},"57":{"start":{"line":58,"column":0},"end":{"line":58,"column":67}},"58":{"start":{"line":59,"column":0},"end":{"line":59,"column":93}},"59":{"start":{"line":60,"column":0},"end":{"line":60,"column":18}},"60":{"start":{"line":61,"column":0},"end":{"line":61,"column":39}},"61":{"start":{"line":62,"column":0},"end":{"line":62,"column":67}},"62":{"start":{"line":63,"column":0},"end":{"line":63,"column":67}},"63":{"start":{"line":64,"column":0},"end":{"line":64,"column":68}},"64":{"start":{"line":65,"column":0},"end":{"line":65,"column":54}},"65":{"start":{"line":66,"column":0},"end":{"line":66,"column":20}},"66":{"start":{"line":67,"column":0},"end":{"line":67,"column":18}},"67":{"start":{"line":68,"column":0},"end":{"line":68,"column":39}},"68":{"start":{"line":69,"column":0},"end":{"line":69,"column":67}},"69":{"start":{"line":70,"column":0},"end":{"line":70,"column":67}},"70":{"start":{"line":71,"column":0},"end":{"line":71,"column":70}},"71":{"start":{"line":72,"column":0},"end":{"line":72,"column":43}},"72":{"start":{"line":73,"column":0},"end":{"line":73,"column":20}},"73":{"start":{"line":74,"column":0},"end":{"line":74,"column":18}},"74":{"start":{"line":75,"column":0},"end":{"line":75,"column":16}},"77":{"start":{"line":78,"column":0},"end":{"line":78,"column":38}},"78":{"start":{"line":79,"column":0},"end":{"line":79,"column":85}},"79":{"start":{"line":80,"column":0},"end":{"line":80,"column":19}},"80":{"start":{"line":81,"column":0},"end":{"line":81,"column":69}},"81":{"start":{"line":82,"column":0},"end":{"line":82,"column":54}},"82":{"start":{"line":83,"column":0},"end":{"line":83,"column":55}},"83":{"start":{"line":84,"column":0},"end":{"line":84,"column":82}},"84":{"start":{"line":85,"column":0},"end":{"line":85,"column":39}},"85":{"start":{"line":86,"column":0},"end":{"line":86,"column":28}},"86":{"start":{"line":87,"column":0},"end":{"line":87,"column":21}},"87":{"start":{"line":88,"column":0},"end":{"line":88,"column":22}},"88":{"start":{"line":89,"column":0},"end":{"line":89,"column":20}},"89":{"start":{"line":90,"column":0},"end":{"line":90,"column":58}},"90":{"start":{"line":91,"column":0},"end":{"line":91,"column":82}},"91":{"start":{"line":92,"column":0},"end":{"line":92,"column":59}},"93":{"start":{"line":94,"column":0},"end":{"line":94,"column":20}},"94":{"start":{"line":95,"column":0},"end":{"line":95,"column":23}},"95":{"start":{"line":96,"column":0},"end":{"line":96,"column":18}},"99":{"start":{"line":100,"column":0},"end":{"line":100,"column":15}},"100":{"start":{"line":101,"column":0},"end":{"line":101,"column":56}},"101":{"start":{"line":102,"column":0},"end":{"line":102,"column":76}},"102":{"start":{"line":103,"column":0},"end":{"line":103,"column":100}},"103":{"start":{"line":104,"column":0},"end":{"line":104,"column":18}},"104":{"start":{"line":105,"column":0},"end":{"line":105,"column":16}},"105":{"start":{"line":106,"column":0},"end":{"line":106,"column":22}},"106":{"start":{"line":107,"column":0},"end":{"line":107,"column":13}},"107":{"start":{"line":108,"column":0},"end":{"line":108,"column":10}},"109":{"start":{"line":110,"column":0},"end":{"line":110,"column":1}}},"s":{"0":1,"1":1,"2":1,"3":1,"4":1,"11":1,"12":1,"13":1,"14":1,"15":1,"16":1,"17":1,"19":1,"20":1,"21":1,"22":1,"23":1,"25":1,"26":22,"27":14,"28":14,"29":14,"30":14,"32":14,"34":8,"35":8,"36":8,"37":8,"38":8,"39":8,"40":8,"41":8,"42":8,"43":8,"44":8,"45":8,"46":8,"47":8,"49":8,"51":8,"52":8,"53":8,"54":8,"55":8,"56":8,"57":8,"58":8,"59":8,"60":8,"61":8,"62":8,"63":8,"64":8,"65":8,"66":8,"67":8,"68":8,"69":8,"70":8,"71":8,"72":8,"73":8,"74":8,"77":8,"78":7,"79":7,"80":7,"81":7,"82":7,"83":7,"84":7,"85":7,"86":7,"87":7,"88":7,"89":7,"90":7,"91":7,"93":7,"94":7,"95":7,"99":22,"100":22,"101":22,"102":22,"103":22,"104":22,"105":22,"106":22,"107":22,"109":22},"branchMap":{"0":{"type":"branch","line":26,"loc":{"start":{"line":26,"column":7},"end":{"line":110,"column":1}},"locations":[{"start":{"line":26,"column":7},"end":{"line":110,"column":1}}]},"1":{"type":"branch","line":27,"loc":{"start":{"line":27,"column":12},"end":{"line":33,"column":3}},"locations":[{"start":{"line":27,"column":12},"end":{"line":33,"column":3}}]},"2":{"type":"branch","line":33,"loc":{"start":{"line":33,"column":2},"end":{"line":96,"column":18}},"locations":[{"start":{"line":33,"column":2},"end":{"line":96,"column":18}}]},"3":{"type":"branch","line":33,"loc":{"start":{"line":33,"column":2},"end":{"line":78,"column":38}},"locations":[{"start":{"line":33,"column":2},"end":{"line":78,"column":38}}]},"4":{"type":"branch","line":78,"loc":{"start":{"line":78,"column":32},"end":{"line":96,"column":18}},"locations":[{"start":{"line":78,"column":32},"end":{"line":96,"column":18}}]},"5":{"type":"branch","line":83,"loc":{"start":{"line":83,"column":35},"end":{"line":86,"column":28}},"locations":[{"start":{"line":83,"column":35},"end":{"line":86,"column":28}}]}},"b":{"0":[22],"1":[14],"2":[9],"3":[8],"4":[7],"5":[7]},"fnMap":{"0":{"name":"JobDetail","decl":{"start":{"line":26,"column":7},"end":{"line":110,"column":1}},"loc":{"start":{"line":26,"column":7},"end":{"line":110,"column":1}},"line":26}},"f":{"0":22}}
,"/Users/hulin/Documents/projects/491jobseeker/v5/modules/frontend/src/components/JobList.tsx": {"path":"/Users/hulin/Documents/projects/491jobseeker/v5/modules/frontend/src/components/JobList.tsx","all":false,"statementMap":{"0":{"start":{"line":1,"column":0},"end":{"line":1,"column":32}},"1":{"start":{"line":2,"column":0},"end":{"line":2,"column":48}},"2":{"start":{"line":3,"column":0},"end":{"line":3,"column":35}},"3":{"start":{"line":4,"column":0},"end":{"line":4,"column":41}},"5":{"start":{"line":6,"column":0},"end":{"line":6,"column":58}},"6":{"start":{"line":7,"column":0},"end":{"line":7,"column":42}},"14":{"start":{"line":15,"column":0},"end":{"line":15,"column":80}},"15":{"start":{"line":16,"column":0},"end":{"line":16,"column":37}},"16":{"start":{"line":17,"column":0},"end":{"line":17,"column":18}},"19":{"start":{"line":20,"column":0},"end":{"line":20,"column":42}},"21":{"start":{"line":22,"column":0},"end":{"line":22,"column":47}},"22":{"start":{"line":23,"column":0},"end":{"line":23,"column":13}},"23":{"start":{"line":24,"column":0},"end":{"line":24,"column":18}},"24":{"start":{"line":25,"column":0},"end":{"line":25,"column":20}},"25":{"start":{"line":26,"column":0},"end":{"line":26,"column":13}},"26":{"start":{"line":27,"column":0},"end":{"line":27,"column":14}},"27":{"start":{"line":28,"column":0},"end":{"line":28,"column":33}},"28":{"start":{"line":29,"column":0},"end":{"line":29,"column":35}},"29":{"start":{"line":30,"column":0},"end":{"line":30,"column":47}},"30":{"start":{"line":31,"column":0},"end":{"line":31,"column":49}},"31":{"start":{"line":32,"column":0},"end":{"line":32,"column":9}},"32":{"start":{"line":33,"column":0},"end":{"line":33,"column":4}},"35":{"start":{"line":36,"column":0},"end":{"line":36,"column":56}},"36":{"start":{"line":37,"column":0},"end":{"line":37,"column":32}},"37":{"start":{"line":38,"column":0},"end":{"line":38,"column":42}},"39":{"start":{"line":40,"column":0},"end":{"line":40,"column":18}},"40":{"start":{"line":41,"column":0},"end":{"line":41,"column":12}},"41":{"start":{"line":42,"column":0},"end":{"line":42,"column":63}},"42":{"start":{"line":43,"column":0},"end":{"line":43,"column":55}},"43":{"start":{"line":44,"column":0},"end":{"line":44,"column":12}},"45":{"start":{"line":46,"column":0},"end":{"line":46,"column":3}},"47":{"start":{"line":48,"column":0},"end":{"line":48,"column":14}},"48":{"start":{"line":49,"column":0},"end":{"line":49,"column":12}},"49":{"start":{"line":50,"column":0},"end":{"line":50,"column":63}},"50":{"start":{"line":51,"column":0},"end":{"line":51,"column":54}},"51":{"start":{"line":52,"column":0},"end":{"line":52,"column":12}},"53":{"start":{"line":54,"column":0},"end":{"line":54,"column":3}},"55":{"start":{"line":56,"column":0},"end":{"line":56,"column":26}},"56":{"start":{"line":57,"column":0},"end":{"line":57,"column":12}},"57":{"start":{"line":58,"column":0},"end":{"line":58,"column":63}},"58":{"start":{"line":59,"column":0},"end":{"line":59,"column":58}},"59":{"start":{"line":60,"column":0},"end":{"line":60,"column":12}},"61":{"start":{"line":62,"column":0},"end":{"line":62,"column":3}},"63":{"start":{"line":64,"column":0},"end":{"line":64,"column":10}},"64":{"start":{"line":65,"column":0},"end":{"line":65,"column":42}},"65":{"start":{"line":66,"column":0},"end":{"line":66,"column":58}},"66":{"start":{"line":67,"column":0},"end":{"line":67,"column":21}},"67":{"start":{"line":68,"column":0},"end":{"line":68,"column":12}},"69":{"start":{"line":70,"column":0},"end":{"line":70,"column":56}},"70":{"start":{"line":71,"column":0},"end":{"line":71,"column":28}},"71":{"start":{"line":72,"column":0},"end":{"line":72,"column":18}},"72":{"start":{"line":73,"column":0},"end":{"line":73,"column":24}},"73":{"start":{"line":74,"column":0},"end":{"line":74,"column":21}},"74":{"start":{"line":75,"column":0},"end":{"line":75,"column":47}},"75":{"start":{"line":76,"column":0},"end":{"line":76,"column":44}},"76":{"start":{"line":77,"column":0},"end":{"line":77,"column":12}},"77":{"start":{"line":78,"column":0},"end":{"line":78,"column":11}},"78":{"start":{"line":79,"column":0},"end":{"line":79,"column":12}},"80":{"start":{"line":81,"column":0},"end":{"line":81,"column":26}},"81":{"start":{"line":82,"column":0},"end":{"line":82,"column":50}},"82":{"start":{"line":83,"column":0},"end":{"line":83,"column":21}},"83":{"start":{"line":84,"column":0},"end":{"line":84,"column":30}},"84":{"start":{"line":85,"column":0},"end":{"line":85,"column":35}},"85":{"start":{"line":86,"column":0},"end":{"line":86,"column":34}},"86":{"start":{"line":87,"column":0},"end":{"line":87,"column":12}},"87":{"start":{"line":88,"column":0},"end":{"line":88,"column":14}},"89":{"start":{"line":90,"column":0},"end":{"line":90,"column":10}},"91":{"start":{"line":92,"column":0},"end":{"line":92,"column":1}}},"s":{"0":1,"1":1,"2":1,"3":1,"5":1,"6":1,"14":1,"15":25,"16":25,"19":25,"21":25,"22":25,"23":25,"24":8,"25":8,"26":8,"27":8,"28":8,"29":8,"30":8,"31":8,"32":25,"35":25,"36":25,"37":25,"39":25,"40":8,"41":8,"42":8,"43":8,"45":8,"47":25,"48":1,"49":1,"50":1,"51":1,"53":1,"55":25,"56":14,"57":14,"58":14,"59":14,"61":14,"63":2,"64":2,"65":2,"66":2,"67":2,"69":2,"70":2,"71":4,"72":4,"73":4,"74":4,"75":4,"76":4,"77":2,"78":2,"80":2,"81":0,"82":0,"83":0,"84":0,"85":0,"86":0,"87":0,"89":25,"91":25},"branchMap":{"0":{"type":"branch","line":15,"loc":{"start":{"line":15,"column":7},"end":{"line":92,"column":1}},"locations":[{"start":{"line":15,"column":7},"end":{"line":92,"column":1}}]},"1":{"type":"branch","line":36,"loc":{"start":{"line":36,"column":22},"end":{"line":36,"column":33}},"locations":[{"start":{"line":36,"column":22},"end":{"line":36,"column":33}}]},"2":{"type":"branch","line":36,"loc":{"start":{"line":36,"column":49},"end":{"line":36,"column":56}},"locations":[{"start":{"line":36,"column":49},"end":{"line":36,"column":56}}]},"3":{"type":"branch","line":37,"loc":{"start":{"line":37,"column":16},"end":{"line":37,"column":31}},"locations":[{"start":{"line":37,"column":16},"end":{"line":37,"column":31}}]},"4":{"type":"branch","line":37,"loc":{"start":{"line":37,"column":22},"end":{"line":37,"column":32}},"locations":[{"start":{"line":37,"column":22},"end":{"line":37,"column":32}}]},"5":{"type":"branch","line":38,"loc":{"start":{"line":38,"column":21},"end":{"line":38,"column":41}},"locations":[{"start":{"line":38,"column":21},"end":{"line":38,"column":41}}]},"6":{"type":"branch","line":38,"loc":{"start":{"line":38,"column":27},"end":{"line":38,"column":42}},"locations":[{"start":{"line":38,"column":27},"end":{"line":38,"column":42}}]},"7":{"type":"branch","line":40,"loc":{"start":{"line":40,"column":17},"end":{"line":46,"column":3}},"locations":[{"start":{"line":40,"column":17},"end":{"line":46,"column":3}}]},"8":{"type":"branch","line":46,"loc":{"start":{"line":46,"column":2},"end":{"line":48,"column":13}},"locations":[{"start":{"line":46,"column":2},"end":{"line":48,"column":13}}]},"9":{"type":"branch","line":48,"loc":{"start":{"line":48,"column":13},"end":{"line":54,"column":3}},"locations":[{"start":{"line":48,"column":13},"end":{"line":54,"column":3}}]},"10":{"type":"branch","line":54,"loc":{"start":{"line":54,"column":2},"end":{"line":56,"column":25}},"locations":[{"start":{"line":54,"column":2},"end":{"line":56,"column":25}}]},"11":{"type":"branch","line":56,"loc":{"start":{"line":56,"column":25},"end":{"line":62,"column":3}},"locations":[{"start":{"line":56,"column":25},"end":{"line":62,"column":3}}]},"12":{"type":"branch","line":62,"loc":{"start":{"line":62,"column":2},"end":{"line":88,"column":14}},"locations":[{"start":{"line":62,"column":2},"end":{"line":88,"column":14}}]},"13":{"type":"branch","line":62,"loc":{"start":{"line":62,"column":2},"end":{"line":81,"column":26}},"locations":[{"start":{"line":62,"column":2},"end":{"line":81,"column":26}}]},"14":{"type":"branch","line":81,"loc":{"start":{"line":81,"column":20},"end":{"line":88,"column":14}},"locations":[{"start":{"line":81,"column":20},"end":{"line":88,"column":14}}]},"15":{"type":"branch","line":24,"loc":{"start":{"line":24,"column":13},"end":{"line":32,"column":9}},"locations":[{"start":{"line":24,"column":13},"end":{"line":32,"column":9}}]},"16":{"type":"branch","line":71,"loc":{"start":{"line":71,"column":18},"end":{"line":77,"column":12}},"locations":[{"start":{"line":71,"column":18},"end":{"line":77,"column":12}}]},"17":{"type":"branch","line":76,"loc":{"start":{"line":76,"column":21},"end":{"line":76,"column":44}},"locations":[{"start":{"line":76,"column":21},"end":{"line":76,"column":44}}]}},"b":{"0":[25],"1":[16],"2":[9],"3":[16],"4":[9],"5":[16],"6":[9],"7":[8],"8":[17],"9":[1],"10":[16],"11":[14],"12":[12],"13":[2],"14":[0],"15":[8],"16":[4],"17":[1]},"fnMap":{"0":{"name":"JobList","decl":{"start":{"line":15,"column":7},"end":{"line":92,"column":1}},"loc":{"start":{"line":15,"column":7},"end":{"line":92,"column":1}},"line":15},"1":{"name":"queryFn","decl":{"start":{"line":24,"column":13},"end":{"line":32,"column":9}},"loc":{"start":{"line":24,"column":13},"end":{"line":32,"column":9}},"line":24},"2":{"name":"onClick","decl":{"start":{"line":76,"column":21},"end":{"line":76,"column":44}},"loc":{"start":{"line":76,"column":21},"end":{"line":76,"column":44}},"line":76}},"f":{"0":25,"1":8,"2":1}}
,"/Users/hulin/Documents/projects/491jobseeker/v5/modules/frontend/src/components/Pagination.tsx": {"path":"/Users/hulin/Documents/projects/491jobseeker/v5/modules/frontend/src/components/Pagination.tsx","all":false,"statementMap":{"0":{"start":{"line":1,"column":0},"end":{"line":1,"column":36}},"1":{"start":{"line":2,"column":0},"end":{"line":2,"column":56}},"9":{"start":{"line":10,"column":0},"end":{"line":10,"column":88}},"10":{"start":{"line":11,"column":0},"end":{"line":11,"column":28}},"13":{"start":{"line":14,"column":0},"end":{"line":14,"column":23}},"14":{"start":{"line":15,"column":0},"end":{"line":15,"column":17}},"15":{"start":{"line":16,"column":0},"end":{"line":16,"column":3}},"18":{"start":{"line":19,"column":0},"end":{"line":19,"column":24}},"19":{"start":{"line":20,"column":0},"end":{"line":20,"column":44}},"20":{"start":{"line":21,"column":0},"end":{"line":21,"column":3}},"22":{"start":{"line":23,"column":0},"end":{"line":23,"column":99}},"23":{"start":{"line":24,"column":0},"end":{"line":24,"column":17}},"24":{"start":{"line":25,"column":0},"end":{"line":25,"column":3}},"26":{"start":{"line":27,"column":0},"end":{"line":27,"column":37}},"27":{"start":{"line":28,"column":0},"end":{"line":28,"column":18}},"28":{"start":{"line":29,"column":0},"end":{"line":29,"column":3}},"31":{"start":{"line":32,"column":0},"end":{"line":32,"column":23}},"32":{"start":{"line":33,"column":0},"end":{"line":33,"column":26}},"33":{"start":{"line":34,"column":0},"end":{"line":34,"column":3}},"35":{"start":{"line":36,"column":0},"end":{"line":36,"column":10}},"36":{"start":{"line":37,"column":0},"end":{"line":37,"column":60}},"37":{"start":{"line":38,"column":0},"end":{"line":38,"column":13}},"38":{"start":{"line":39,"column":0},"end":{"line":39,"column":25}},"39":{"start":{"line":40,"column":0},"end":{"line":40,"column":17}},"40":{"start":{"line":41,"column":0},"end":{"line":41,"column":53}},"41":{"start":{"line":42,"column":0},"end":{"line":42,"column":36}},"43":{"start":{"line":44,"column":0},"end":{"line":44,"column":43}},"44":{"start":{"line":45,"column":0},"end":{"line":45,"column":15}},"46":{"start":{"line":47,"column":0},"end":{"line":47,"column":33}},"47":{"start":{"line":48,"column":0},"end":{"line":48,"column":23}},"48":{"start":{"line":49,"column":0},"end":{"line":49,"column":81}},"50":{"start":{"line":51,"column":0},"end":{"line":51,"column":17}},"52":{"start":{"line":53,"column":0},"end":{"line":53,"column":17}},"53":{"start":{"line":54,"column":0},"end":{"line":54,"column":22}},"54":{"start":{"line":55,"column":0},"end":{"line":55,"column":66}},"55":{"start":{"line":56,"column":0},"end":{"line":56,"column":21}},"56":{"start":{"line":57,"column":0},"end":{"line":57,"column":46}},"58":{"start":{"line":59,"column":0},"end":{"line":59,"column":18}},"59":{"start":{"line":60,"column":0},"end":{"line":60,"column":19}},"61":{"start":{"line":62,"column":0},"end":{"line":62,"column":8}},"63":{"start":{"line":64,"column":0},"end":{"line":64,"column":13}},"64":{"start":{"line":65,"column":0},"end":{"line":65,"column":25}},"65":{"start":{"line":66,"column":0},"end":{"line":66,"column":17}},"66":{"start":{"line":67,"column":0},"end":{"line":67,"column":53}},"67":{"start":{"line":68,"column":0},"end":{"line":68,"column":65}},"69":{"start":{"line":70,"column":0},"end":{"line":70,"column":44}},"70":{"start":{"line":71,"column":0},"end":{"line":71,"column":15}},"71":{"start":{"line":72,"column":0},"end":{"line":72,"column":10}},"73":{"start":{"line":74,"column":0},"end":{"line":74,"column":1}}},"s":{"0":1,"1":1,"9":1,"10":9,"13":9,"14":9,"15":9,"18":9,"19":1,"20":1,"22":9,"23":13,"24":13,"26":9,"27":8,"28":8,"31":9,"32":9,"33":9,"35":9,"36":9,"37":9,"38":9,"39":9,"40":9,"41":9,"43":9,"44":9,"46":9,"47":40,"48":9,"50":9,"52":31,"53":31,"54":31,"55":31,"56":31,"58":31,"59":31,"61":9,"63":9,"64":9,"65":9,"66":9,"67":9,"69":9,"70":9,"71":9,"73":9},"branchMap":{"0":{"type":"branch","line":10,"loc":{"start":{"line":10,"column":7},"end":{"line":74,"column":1}},"locations":[{"start":{"line":10,"column":7},"end":{"line":74,"column":1}}]},"1":{"type":"branch","line":19,"loc":{"start":{"line":19,"column":23},"end":{"line":21,"column":3}},"locations":[{"start":{"line":19,"column":23},"end":{"line":21,"column":3}}]},"2":{"type":"branch","line":23,"loc":{"start":{"line":23,"column":98},"end":{"line":25,"column":3}},"locations":[{"start":{"line":23,"column":98},"end":{"line":25,"column":3}}]},"3":{"type":"branch","line":27,"loc":{"start":{"line":27,"column":36},"end":{"line":29,"column":3}},"locations":[{"start":{"line":27,"column":36},"end":{"line":29,"column":3}}]},"4":{"type":"branch","line":68,"loc":{"start":{"line":68,"column":34},"end":{"line":68,"column":65}},"locations":[{"start":{"line":68,"column":34},"end":{"line":68,"column":65}}]},"5":{"type":"branch","line":41,"loc":{"start":{"line":41,"column":17},"end":{"line":41,"column":53}},"locations":[{"start":{"line":41,"column":17},"end":{"line":41,"column":53}}]},"6":{"type":"branch","line":47,"loc":{"start":{"line":47,"column":17},"end":{"line":60,"column":19}},"locations":[{"start":{"line":47,"column":17},"end":{"line":60,"column":19}}]},"7":{"type":"branch","line":48,"loc":{"start":{"line":48,"column":17},"end":{"line":51,"column":17}},"locations":[{"start":{"line":48,"column":17},"end":{"line":51,"column":17}}]},"8":{"type":"branch","line":51,"loc":{"start":{"line":51,"column":10},"end":{"line":60,"column":19}},"locations":[{"start":{"line":51,"column":10},"end":{"line":60,"column":19}}]},"9":{"type":"branch","line":55,"loc":{"start":{"line":55,"column":30},"end":{"line":55,"column":56}},"locations":[{"start":{"line":55,"column":30},"end":{"line":55,"column":56}}]},"10":{"type":"branch","line":55,"loc":{"start":{"line":55,"column":44},"end":{"line":55,"column":66}},"locations":[{"start":{"line":55,"column":44},"end":{"line":55,"column":66}}]},"11":{"type":"branch","line":57,"loc":{"start":{"line":57,"column":21},"end":{"line":57,"column":46}},"locations":[{"start":{"line":57,"column":21},"end":{"line":57,"column":46}}]},"12":{"type":"branch","line":67,"loc":{"start":{"line":67,"column":17},"end":{"line":67,"column":53}},"locations":[{"start":{"line":67,"column":17},"end":{"line":67,"column":53}}]}},"b":{"0":[9],"1":[1],"2":[13],"3":[8],"4":[8],"5":[1],"6":[40],"7":[9],"8":[31],"9":[9],"10":[22],"11":[1],"12":[1]},"fnMap":{"0":{"name":"Pagination","decl":{"start":{"line":10,"column":7},"end":{"line":74,"column":1}},"loc":{"start":{"line":10,"column":7},"end":{"line":74,"column":1}},"line":10},"1":{"name":"onClick","decl":{"start":{"line":41,"column":17},"end":{"line":41,"column":53}},"loc":{"start":{"line":41,"column":17},"end":{"line":41,"column":53}},"line":41},"2":{"name":"onClick","decl":{"start":{"line":57,"column":21},"end":{"line":57,"column":46}},"loc":{"start":{"line":57,"column":21},"end":{"line":57,"column":46}},"line":57},"3":{"name":"onClick","decl":{"start":{"line":67,"column":17},"end":{"line":67,"column":53}},"loc":{"start":{"line":67,"column":17},"end":{"line":67,"column":53}},"line":67}},"f":{"0":9,"1":1,"2":1,"3":1}}
,"/Users/hulin/Documents/projects/491jobseeker/v5/modules/frontend/src/components/SearchBar.tsx": {"path":"/Users/hulin/Documents/projects/491jobseeker/v5/modules/frontend/src/components/SearchBar.tsx","all":false,"statementMap":{"0":{"start":{"line":1,"column":0},"end":{"line":1,"column":37}},"1":{"start":{"line":2,"column":0},"end":{"line":2,"column":34}},"2":{"start":{"line":3,"column":0},"end":{"line":3,"column":36}},"11":{"start":{"line":12,"column":0},"end":{"line":12,"column":102}},"12":{"start":{"line":13,"column":0},"end":{"line":13,"column":48}},"13":{"start":{"line":14,"column":0},"end":{"line":14,"column":22}},"14":{"start":{"line":15,"column":0},"end":{"line":15,"column":14}},"15":{"start":{"line":16,"column":0},"end":{"line":16,"column":3}},"17":{"start":{"line":18,"column":0},"end":{"line":18,"column":10}},"18":{"start":{"line":19,"column":0},"end":{"line":19,"column":57}},"19":{"start":{"line":20,"column":0},"end":{"line":20,"column":39}},"20":{"start":{"line":21,"column":0},"end":{"line":21,"column":101}},"21":{"start":{"line":22,"column":0},"end":{"line":22,"column":14}},"22":{"start":{"line":23,"column":0},"end":{"line":23,"column":23}},"23":{"start":{"line":24,"column":0},"end":{"line":24,"column":23}},"24":{"start":{"line":25,"column":0},"end":{"line":25,"column":52}},"25":{"start":{"line":26,"column":0},"end":{"line":26,"column":35}},"26":{"start":{"line":27,"column":0},"end":{"line":27,"column":27}},"27":{"start":{"line":28,"column":0},"end":{"line":28,"column":10}},"28":{"start":{"line":29,"column":0},"end":{"line":29,"column":12}},"29":{"start":{"line":30,"column":0},"end":{"line":30,"column":39}},"30":{"start":{"line":31,"column":0},"end":{"line":31,"column":11}},"32":{"start":{"line":33,"column":0},"end":{"line":33,"column":1}}},"s":{"0":1,"1":1,"2":1,"11":1,"12":17,"13":1,"14":1,"15":1,"17":17,"18":17,"19":17,"20":17,"21":17,"22":17,"23":17,"24":17,"25":17,"26":17,"27":17,"28":17,"29":17,"30":17,"32":17},"branchMap":{"0":{"type":"branch","line":12,"loc":{"start":{"line":12,"column":7},"end":{"line":33,"column":1}},"locations":[{"start":{"line":12,"column":7},"end":{"line":33,"column":1}}]},"1":{"type":"branch","line":13,"loc":{"start":{"line":13,"column":23},"end":{"line":16,"column":3}},"locations":[{"start":{"line":13,"column":23},"end":{"line":16,"column":3}}]},"2":{"type":"branch","line":25,"loc":{"start":{"line":25,"column":20},"end":{"line":25,"column":52}},"locations":[{"start":{"line":25,"column":20},"end":{"line":25,"column":52}}]}},"b":{"0":[17],"1":[1],"2":[6]},"fnMap":{"0":{"name":"SearchBar","decl":{"start":{"line":12,"column":7},"end":{"line":33,"column":1}},"loc":{"start":{"line":12,"column":7},"end":{"line":33,"column":1}},"line":12},"1":{"name":"handleSubmit","decl":{"start":{"line":13,"column":23},"end":{"line":16,"column":3}},"loc":{"start":{"line":13,"column":23},"end":{"line":16,"column":3}},"line":13},"2":{"name":"onChange","decl":{"start":{"line":25,"column":20},"end":{"line":25,"column":52}},"loc":{"start":{"line":25,"column":20},"end":{"line":25,"column":52}},"line":25}},"f":{"0":17,"1":1,"2":6}}
,"/Users/hulin/Documents/projects/491jobseeker/v5/modules/frontend/src/components/ui/Badge.tsx": {"path":"/Users/hulin/Documents/projects/491jobseeker/v5/modules/frontend/src/components/ui/Badge.tsx","all":false,"statementMap":{"0":{"start":{"line":1,"column":0},"end":{"line":1,"column":32}},"6":{"start":{"line":7,"column":0},"end":{"line":7,"column":81}},"7":{"start":{"line":8,"column":0},"end":{"line":8,"column":10}},"8":{"start":{"line":9,"column":0},"end":{"line":9,"column":8}},"9":{"start":{"line":10,"column":0},"end":{"line":10,"column":20}},"10":{"start":{"line":11,"column":0},"end":{"line":11,"column":84}},"11":{"start":{"line":12,"column":0},"end":{"line":12,"column":76}},"12":{"start":{"line":13,"column":0},"end":{"line":13,"column":9}},"13":{"start":{"line":14,"column":0},"end":{"line":14,"column":90}},"14":{"start":{"line":15,"column":0},"end":{"line":15,"column":98}},"15":{"start":{"line":16,"column":0},"end":{"line":16,"column":86}},"16":{"start":{"line":17,"column":0},"end":{"line":17,"column":10}},"17":{"start":{"line":18,"column":0},"end":{"line":18,"column":17}},"18":{"start":{"line":19,"column":0},"end":{"line":19,"column":8}},"19":{"start":{"line":20,"column":0},"end":{"line":20,"column":16}},"20":{"start":{"line":21,"column":0},"end":{"line":21,"column":6}},"22":{"start":{"line":23,"column":0},"end":{"line":23,"column":1}}},"s":{"0":1,"6":1,"7":24,"8":24,"9":24,"10":24,"11":24,"12":24,"13":24,"14":24,"15":24,"16":24,"17":24,"18":24,"19":24,"20":24,"22":24},"branchMap":{"0":{"type":"branch","line":7,"loc":{"start":{"line":7,"column":7},"end":{"line":23,"column":1}},"locations":[{"start":{"line":7,"column":7},"end":{"line":23,"column":1}}]}},"b":{"0":[24]},"fnMap":{"0":{"name":"Badge","decl":{"start":{"line":7,"column":7},"end":{"line":23,"column":1}},"loc":{"start":{"line":7,"column":7},"end":{"line":23,"column":1}},"line":7}},"f":{"0":24}}
,"/Users/hulin/Documents/projects/491jobseeker/v5/modules/frontend/src/components/ui/Button.tsx": {"path":"/Users/hulin/Documents/projects/491jobseeker/v5/modules/frontend/src/components/ui/Button.tsx","all":false,"statementMap":{"0":{"start":{"line":1,"column":0},"end":{"line":1,"column":32}},"9":{"start":{"line":10,"column":0},"end":{"line":10,"column":24}},"10":{"start":{"line":11,"column":0},"end":{"line":11,"column":12}},"11":{"start":{"line":12,"column":0},"end":{"line":12,"column":22}},"12":{"start":{"line":13,"column":0},"end":{"line":13,"column":14}},"13":{"start":{"line":14,"column":0},"end":{"line":14,"column":18}},"14":{"start":{"line":15,"column":0},"end":{"line":15,"column":7}},"15":{"start":{"line":16,"column":0},"end":{"line":16,"column":10}},"16":{"start":{"line":17,"column":0},"end":{"line":17,"column":17}},"17":{"start":{"line":18,"column":0},"end":{"line":18,"column":24}},"18":{"start":{"line":19,"column":0},"end":{"line":19,"column":12}},"19":{"start":{"line":20,"column":0},"end":{"line":20,"column":8}},"20":{"start":{"line":21,"column":0},"end":{"line":21,"column":19}},"21":{"start":{"line":22,"column":0},"end":{"line":22,"column":22}},"22":{"start":{"line":23,"column":0},"end":{"line":23,"column":93}},"23":{"start":{"line":24,"column":0},"end":{"line":24,"column":84}},"24":{"start":{"line":25,"column":0},"end":{"line":25,"column":61}},"25":{"start":{"line":26,"column":0},"end":{"line":26,"column":11}},"26":{"start":{"line":27,"column":0},"end":{"line":27,"column":92}},"27":{"start":{"line":28,"column":0},"end":{"line":28,"column":80}},"28":{"start":{"line":29,"column":0},"end":{"line":29,"column":116}},"29":{"start":{"line":30,"column":0},"end":{"line":30,"column":51}},"30":{"start":{"line":31,"column":0},"end":{"line":31,"column":44}},"31":{"start":{"line":32,"column":0},"end":{"line":32,"column":52}},"32":{"start":{"line":33,"column":0},"end":{"line":33,"column":12}},"33":{"start":{"line":34,"column":0},"end":{"line":34,"column":19}},"34":{"start":{"line":35,"column":0},"end":{"line":35,"column":10}},"35":{"start":{"line":36,"column":0},"end":{"line":36,"column":69}},"36":{"start":{"line":37,"column":0},"end":{"line":37,"column":8}},"38":{"start":{"line":39,"column":0},"end":{"line":39,"column":3}},"40":{"start":{"line":41,"column":0},"end":{"line":41,"column":10}},"41":{"start":{"line":42,"column":0},"end":{"line":42,"column":11}},"42":{"start":{"line":43,"column":0},"end":{"line":43,"column":20}},"43":{"start":{"line":44,"column":0},"end":{"line":44,"column":91}},"44":{"start":{"line":45,"column":0},"end":{"line":45,"column":82}},"45":{"start":{"line":46,"column":0},"end":{"line":46,"column":59}},"46":{"start":{"line":47,"column":0},"end":{"line":47,"column":9}},"47":{"start":{"line":48,"column":0},"end":{"line":48,"column":90}},"48":{"start":{"line":49,"column":0},"end":{"line":49,"column":78}},"49":{"start":{"line":50,"column":0},"end":{"line":50,"column":114}},"50":{"start":{"line":51,"column":0},"end":{"line":51,"column":49}},"51":{"start":{"line":52,"column":0},"end":{"line":52,"column":42}},"52":{"start":{"line":53,"column":0},"end":{"line":53,"column":50}},"53":{"start":{"line":54,"column":0},"end":{"line":54,"column":10}},"54":{"start":{"line":55,"column":0},"end":{"line":55,"column":17}},"55":{"start":{"line":56,"column":0},"end":{"line":56,"column":8}},"56":{"start":{"line":57,"column":0},"end":{"line":57,"column":16}},"57":{"start":{"line":58,"column":0},"end":{"line":58,"column":6}},"59":{"start":{"line":60,"column":0},"end":{"line":60,"column":1}}},"s":{"0":1,"9":1,"10":95,"11":95,"12":95,"13":95,"14":95,"15":95,"16":95,"17":95,"18":4,"19":4,"20":4,"21":4,"22":4,"23":4,"24":4,"25":4,"26":4,"27":4,"28":4,"29":4,"30":4,"31":4,"32":4,"33":4,"34":4,"35":4,"36":4,"38":4,"40":91,"41":91,"42":91,"43":91,"44":91,"45":91,"46":91,"47":91,"48":91,"49":91,"50":91,"51":91,"52":91,"53":91,"54":91,"55":91,"56":91,"57":91,"59":91},"branchMap":{"0":{"type":"branch","line":10,"loc":{"start":{"line":10,"column":7},"end":{"line":60,"column":1}},"locations":[{"start":{"line":10,"column":7},"end":{"line":60,"column":1}}]},"1":{"type":"branch","line":18,"loc":{"start":{"line":18,"column":6},"end":{"line":18,"column":23}},"locations":[{"start":{"line":18,"column":6},"end":{"line":18,"column":23}}]},"2":{"type":"branch","line":18,"loc":{"start":{"line":18,"column":23},"end":{"line":39,"column":3}},"locations":[{"start":{"line":18,"column":23},"end":{"line":39,"column":3}}]},"3":{"type":"branch","line":39,"loc":{"start":{"line":39,"column":2},"end":{"line":60,"column":1}},"locations":[{"start":{"line":39,"column":2},"end":{"line":60,"column":1}}]}},"b":{"0":[95],"1":[11],"2":[4],"3":[91]},"fnMap":{"0":{"name":"Button","decl":{"start":{"line":10,"column":7},"end":{"line":60,"column":1}},"loc":{"start":{"line":10,"column":7},"end":{"line":60,"column":1}},"line":10}},"f":{"0":95}}
,"/Users/hulin/Documents/projects/491jobseeker/v5/modules/frontend/src/components/ui/Card.tsx": {"path":"/Users/hulin/Documents/projects/491jobseeker/v5/modules/frontend/src/components/ui/Card.tsx","all":false,"statementMap":{"0":{"start":{"line":1,"column":0},"end":{"line":1,"column":32}},"2":{"start":{"line":3,"column":0},"end":{"line":3,"column":85}},"3":{"start":{"line":4,"column":0},"end":{"line":4,"column":10}},"4":{"start":{"line":5,"column":0},"end":{"line":5,"column":8}},"5":{"start":{"line":6,"column":0},"end":{"line":6,"column":91}},"6":{"start":{"line":7,"column":0},"end":{"line":7,"column":16}},"7":{"start":{"line":8,"column":0},"end":{"line":8,"column":6}},"9":{"start":{"line":10,"column":0},"end":{"line":10,"column":1}},"11":{"start":{"line":12,"column":0},"end":{"line":12,"column":91}},"12":{"start":{"line":13,"column":0},"end":{"line":13,"column":86}},"13":{"start":{"line":14,"column":0},"end":{"line":14,"column":1}},"15":{"start":{"line":16,"column":0},"end":{"line":16,"column":94}},"16":{"start":{"line":17,"column":0},"end":{"line":17,"column":10}},"17":{"start":{"line":18,"column":0},"end":{"line":18,"column":101}},"19":{"start":{"line":20,"column":0},"end":{"line":20,"column":1}},"21":{"start":{"line":22,"column":0},"end":{"line":22,"column":92}},"22":{"start":{"line":23,"column":0},"end":{"line":23,"column":65}},"23":{"start":{"line":24,"column":0},"end":{"line":24,"column":1}}},"s":{"0":1,"2":1,"3":17,"4":17,"5":17,"6":17,"7":17,"9":17,"11":1,"12":17,"13":17,"15":1,"16":8,"17":8,"19":8,"21":1,"22":17,"23":17},"branchMap":{"0":{"type":"branch","line":3,"loc":{"start":{"line":3,"column":7},"end":{"line":10,"column":1}},"locations":[{"start":{"line":3,"column":7},"end":{"line":10,"column":1}}]},"1":{"type":"branch","line":12,"loc":{"start":{"line":12,"column":7},"end":{"line":14,"column":1}},"locations":[{"start":{"line":12,"column":7},"end":{"line":14,"column":1}}]},"2":{"type":"branch","line":16,"loc":{"start":{"line":16,"column":7},"end":{"line":20,"column":1}},"locations":[{"start":{"line":16,"column":7},"end":{"line":20,"column":1}}]},"3":{"type":"branch","line":22,"loc":{"start":{"line":22,"column":7},"end":{"line":24,"column":1}},"locations":[{"start":{"line":22,"column":7},"end":{"line":24,"column":1}}]}},"b":{"0":[17],"1":[17],"2":[8],"3":[17]},"fnMap":{"0":{"name":"Card","decl":{"start":{"line":3,"column":7},"end":{"line":10,"column":1}},"loc":{"start":{"line":3,"column":7},"end":{"line":10,"column":1}},"line":3},"1":{"name":"CardHeader","decl":{"start":{"line":12,"column":7},"end":{"line":14,"column":1}},"loc":{"start":{"line":12,"column":7},"end":{"line":14,"column":1}},"line":12},"2":{"name":"CardTitle","decl":{"start":{"line":16,"column":7},"end":{"line":20,"column":1}},"loc":{"start":{"line":16,"column":7},"end":{"line":20,"column":1}},"line":16},"3":{"name":"CardContent","decl":{"start":{"line":22,"column":7},"end":{"line":24,"column":1}},"loc":{"start":{"line":22,"column":7},"end":{"line":24,"column":1}},"line":22}},"f":{"0":17,"1":17,"2":8,"3":17}}
,"/Users/hulin/Documents/projects/491jobseeker/v5/modules/frontend/src/components/ui/Input.tsx": {"path":"/Users/hulin/Documents/projects/491jobseeker/v5/modules/frontend/src/components/ui/Input.tsx","all":false,"statementMap":{"0":{"start":{"line":1,"column":0},"end":{"line":1,"column":32}},"4":{"start":{"line":5,"column":0},"end":{"line":5,"column":66}},"5":{"start":{"line":6,"column":0},"end":{"line":6,"column":10}},"6":{"start":{"line":7,"column":0},"end":{"line":7,"column":10}},"7":{"start":{"line":8,"column":0},"end":{"line":8,"column":17}},"8":{"start":{"line":9,"column":0},"end":{"line":9,"column":20}},"9":{"start":{"line":10,"column":0},"end":{"line":10,"column":82}},"10":{"start":{"line":11,"column":0},"end":{"line":11,"column":41}},"11":{"start":{"line":12,"column":0},"end":{"line":12,"column":44}},"12":{"start":{"line":13,"column":0},"end":{"line":13,"column":82}},"13":{"start":{"line":14,"column":0},"end":{"line":14,"column":58}},"14":{"start":{"line":15,"column":0},"end":{"line":15,"column":17}},"15":{"start":{"line":16,"column":0},"end":{"line":16,"column":8}},"16":{"start":{"line":17,"column":0},"end":{"line":17,"column":16}},"17":{"start":{"line":18,"column":0},"end":{"line":18,"column":6}},"19":{"start":{"line":20,"column":0},"end":{"line":20,"column":1}}},"s":{"0":1,"4":1,"5":39,"6":39,"7":39,"8":39,"9":39,"10":39,"11":39,"12":39,"13":39,"14":39,"15":39,"16":39,"17":39,"19":39},"branchMap":{"0":{"type":"branch","line":5,"loc":{"start":{"line":5,"column":7},"end":{"line":20,"column":1}},"locations":[{"start":{"line":5,"column":7},"end":{"line":20,"column":1}}]}},"b":{"0":[39]},"fnMap":{"0":{"name":"Input","decl":{"start":{"line":5,"column":7},"end":{"line":20,"column":1}},"loc":{"start":{"line":5,"column":7},"end":{"line":20,"column":1}},"line":5}},"f":{"0":39}}
,"/Users/hulin/Documents/projects/491jobseeker/v5/modules/frontend/src/components/ui/Select.tsx": {"path":"/Users/hulin/Documents/projects/491jobseeker/v5/modules/frontend/src/components/ui/Select.tsx","all":false,"statementMap":{"0":{"start":{"line":1,"column":0},"end":{"line":1,"column":32}},"4":{"start":{"line":5,"column":0},"end":{"line":5,"column":72}},"5":{"start":{"line":6,"column":0},"end":{"line":6,"column":10}},"6":{"start":{"line":7,"column":0},"end":{"line":7,"column":11}},"7":{"start":{"line":8,"column":0},"end":{"line":8,"column":20}},"8":{"start":{"line":9,"column":0},"end":{"line":9,"column":82}},"9":{"start":{"line":10,"column":0},"end":{"line":10,"column":41}},"10":{"start":{"line":11,"column":0},"end":{"line":11,"column":82}},"11":{"start":{"line":12,"column":0},"end":{"line":12,"column":58}},"12":{"start":{"line":13,"column":0},"end":{"line":13,"column":17}},"13":{"start":{"line":14,"column":0},"end":{"line":14,"column":8}},"14":{"start":{"line":15,"column":0},"end":{"line":15,"column":16}},"16":{"start":{"line":17,"column":0},"end":{"line":17,"column":16}},"17":{"start":{"line":18,"column":0},"end":{"line":18,"column":13}},"19":{"start":{"line":20,"column":0},"end":{"line":20,"column":1}}},"s":{"0":1,"4":1,"5":44,"6":44,"7":44,"8":44,"9":44,"10":44,"11":44,"12":44,"13":44,"14":44,"16":44,"17":44,"19":44},"branchMap":{"0":{"type":"branch","line":5,"loc":{"start":{"line":5,"column":7},"end":{"line":20,"column":1}},"locations":[{"start":{"line":5,"column":7},"end":{"line":20,"column":1}}]}},"b":{"0":[44]},"fnMap":{"0":{"name":"Select","decl":{"start":{"line":5,"column":7},"end":{"line":20,"column":1}},"loc":{"start":{"line":5,"column":7},"end":{"line":20,"column":1}},"line":5}},"f":{"0":44}}
,"/Users/hulin/Documents/projects/491jobseeker/v5/modules/frontend/src/lib/utils.ts": {"path":"/Users/hulin/Documents/projects/491jobseeker/v5/modules/frontend/src/lib/utils.ts","all":false,"statementMap":{"0":{"start":{"line":1,"column":0},"end":{"line":1,"column":44}},"1":{"start":{"line":2,"column":0},"end":{"line":2,"column":40}},"3":{"start":{"line":4,"column":0},"end":{"line":4,"column":45}},"4":{"start":{"line":5,"column":0},"end":{"line":5,"column":30}},"5":{"start":{"line":6,"column":0},"end":{"line":6,"column":1}},"7":{"start":{"line":8,"column":0},"end":{"line":8,"column":35}},"9":{"start":{"line":10,"column":0},"end":{"line":10,"column":12}},"10":{"start":{"line":11,"column":0},"end":{"line":11,"column":68}},"12":{"start":{"line":13,"column":0},"end":{"line":13,"column":33}},"14":{"start":{"line":15,"column":0},"end":{"line":15,"column":23}},"15":{"start":{"line":16,"column":0},"end":{"line":16,"column":15}},"16":{"start":{"line":17,"column":0},"end":{"line":17,"column":14}},"17":{"start":{"line":18,"column":0},"end":{"line":18,"column":16}},"18":{"start":{"line":19,"column":0},"end":{"line":19,"column":15}},"19":{"start":{"line":20,"column":0},"end":{"line":20,"column":17}},"21":{"start":{"line":22,"column":0},"end":{"line":22,"column":19}},"22":{"start":{"line":23,"column":0},"end":{"line":23,"column":88}},"23":{"start":{"line":24,"column":0},"end":{"line":24,"column":3}},"25":{"start":{"line":26,"column":0},"end":{"line":26,"column":12}},"26":{"start":{"line":27,"column":0},"end":{"line":27,"column":63}},"27":{"start":{"line":28,"column":0},"end":{"line":28,"column":3}},"29":{"start":{"line":30,"column":0},"end":{"line":30,"column":12}},"30":{"start":{"line":31,"column":0},"end":{"line":31,"column":64}},"31":{"start":{"line":32,"column":0},"end":{"line":32,"column":3}},"33":{"start":{"line":34,"column":0},"end":{"line":34,"column":15}},"34":{"start":{"line":35,"column":0},"end":{"line":35,"column":1}},"36":{"start":{"line":37,"column":0},"end":{"line":37,"column":56}},"37":{"start":{"line":38,"column":0},"end":{"line":38,"column":35}},"38":{"start":{"line":39,"column":0},"end":{"line":39,"column":24}},"39":{"start":{"line":40,"column":0},"end":{"line":40,"column":47}},"40":{"start":{"line":41,"column":0},"end":{"line":41,"column":61}},"42":{"start":{"line":43,"column":0},"end":{"line":43,"column":33}},"43":{"start":{"line":44,"column":0},"end":{"line":44,"column":33}},"44":{"start":{"line":45,"column":0},"end":{"line":45,"column":42}},"45":{"start":{"line":46,"column":0},"end":{"line":46,"column":59}},"46":{"start":{"line":47,"column":0},"end":{"line":47,"column":61}},"47":{"start":{"line":48,"column":0},"end":{"line":48,"column":42}},"48":{"start":{"line":49,"column":0},"end":{"line":49,"column":1}}},"s":{"0":1,"1":1,"3":1,"4":261,"5":261,"7":1,"9":4,"10":4,"12":4,"14":3,"15":3,"16":3,"17":3,"18":3,"19":4,"21":4,"22":1,"23":1,"25":4,"26":1,"27":1,"29":1,"30":1,"31":1,"33":0,"34":0,"36":1,"37":23,"38":23,"39":23,"40":23,"42":23,"43":18,"44":18,"45":18,"46":18,"47":13,"48":13},"branchMap":{"0":{"type":"branch","line":4,"loc":{"start":{"line":4,"column":7},"end":{"line":6,"column":1}},"locations":[{"start":{"line":4,"column":7},"end":{"line":6,"column":1}}]},"1":{"type":"branch","line":8,"loc":{"start":{"line":8,"column":7},"end":{"line":35,"column":1}},"locations":[{"start":{"line":8,"column":7},"end":{"line":35,"column":1}}]},"2":{"type":"branch","line":13,"loc":{"start":{"line":13,"column":7},"end":{"line":13,"column":20}},"locations":[{"start":{"line":13,"column":7},"end":{"line":13,"column":20}}]},"3":{"type":"branch","line":13,"loc":{"start":{"line":13,"column":20},"end":{"line":13,"column":33}},"locations":[{"start":{"line":13,"column":20},"end":{"line":13,"column":33}}]},"4":{"type":"branch","line":13,"loc":{"start":{"line":13,"column":27},"end":{"line":20,"column":15}},"locations":[{"start":{"line":13,"column":27},"end":{"line":20,"column":15}}]},"5":{"type":"branch","line":20,"loc":{"start":{"line":20,"column":10},"end":{"line":20,"column":17}},"locations":[{"start":{"line":20,"column":10},"end":{"line":20,"column":17}}]},"6":{"type":"branch","line":22,"loc":{"start":{"line":22,"column":6},"end":{"line":22,"column":18}},"locations":[{"start":{"line":22,"column":6},"end":{"line":22,"column":18}}]},"7":{"type":"branch","line":22,"loc":{"start":{"line":22,"column":18},"end":{"line":24,"column":3}},"locations":[{"start":{"line":22,"column":18},"end":{"line":24,"column":3}}]},"8":{"type":"branch","line":24,"loc":{"start":{"line":24,"column":2},"end":{"line":26,"column":11}},"locations":[{"start":{"line":24,"column":2},"end":{"line":26,"column":11}}]},"9":{"type":"branch","line":26,"loc":{"start":{"line":26,"column":11},"end":{"line":32,"column":3}},"locations":[{"start":{"line":26,"column":11},"end":{"line":32,"column":3}}]},"10":{"type":"branch","line":32,"loc":{"start":{"line":32,"column":2},"end":{"line":35,"column":1}},"locations":[{"start":{"line":32,"column":2},"end":{"line":35,"column":1}}]},"11":{"type":"branch","line":37,"loc":{"start":{"line":37,"column":7},"end":{"line":49,"column":1}},"locations":[{"start":{"line":37,"column":7},"end":{"line":49,"column":1}}]},"12":{"type":"branch","line":43,"loc":{"start":{"line":43,"column":22},"end":{"line":43,"column":33}},"locations":[{"start":{"line":43,"column":22},"end":{"line":43,"column":33}}]},"13":{"type":"branch","line":43,"loc":{"start":{"line":43,"column":29},"end":{"line":49,"column":1}},"locations":[{"start":{"line":43,"column":29},"end":{"line":49,"column":1}}]},"14":{"type":"branch","line":43,"loc":{"start":{"line":43,"column":29},"end":{"line":44,"column":29}},"locations":[{"start":{"line":43,"column":29},"end":{"line":44,"column":29}}]},"15":{"type":"branch","line":44,"loc":{"start":{"line":44,"column":22},"end":{"line":44,"column":33}},"locations":[{"start":{"line":44,"column":22},"end":{"line":44,"column":33}}]},"16":{"type":"branch","line":44,"loc":{"start":{"line":44,"column":29},"end":{"line":45,"column":27}},"locations":[{"start":{"line":44,"column":29},"end":{"line":45,"column":27}}]},"17":{"type":"branch","line":45,"loc":{"start":{"line":45,"column":20},"end":{"line":45,"column":42}},"locations":[{"start":{"line":45,"column":20},"end":{"line":45,"column":42}}]},"18":{"type":"branch","line":45,"loc":{"start":{"line":45,"column":38},"end":{"line":46,"column":28}},"locations":[{"start":{"line":45,"column":38},"end":{"line":46,"column":28}}]},"19":{"type":"branch","line":46,"loc":{"start":{"line":46,"column":21},"end":{"line":46,"column":59}},"locations":[{"start":{"line":46,"column":21},"end":{"line":46,"column":59}}]},"20":{"type":"branch","line":46,"loc":{"start":{"line":46,"column":55},"end":{"line":47,"column":29}},"locations":[{"start":{"line":46,"column":55},"end":{"line":47,"column":29}}]},"21":{"type":"branch","line":47,"loc":{"start":{"line":47,"column":22},"end":{"line":49,"column":1}},"locations":[{"start":{"line":47,"column":22},"end":{"line":49,"column":1}}]},"22":{"type":"branch","line":47,"loc":{"start":{"line":47,"column":22},"end":{"line":47,"column":61}},"locations":[{"start":{"line":47,"column":22},"end":{"line":47,"column":61}}]}},"b":{"0":[261],"1":[4],"2":[2],"3":[1],"4":[3],"5":[0],"6":[2],"7":[1],"8":[2],"9":[1],"10":[0],"11":[23],"12":[6],"13":[18],"14":[17],"15":[1],"16":[16],"17":[1],"18":[15],"19":[1],"20":[14],"21":[13],"22":[1]},"fnMap":{"0":{"name":"cn","decl":{"start":{"line":4,"column":7},"end":{"line":6,"column":1}},"loc":{"start":{"line":4,"column":7},"end":{"line":6,"column":1}},"line":4},"1":{"name":"formatSalary","decl":{"start":{"line":8,"column":7},"end":{"line":35,"column":1}},"loc":{"start":{"line":8,"column":7},"end":{"line":35,"column":1}},"line":8},"2":{"name":"formatDate","decl":{"start":{"line":37,"column":7},"end":{"line":49,"column":1}},"loc":{"start":{"line":37,"column":7},"end":{"line":49,"column":1}},"line":37}},"f":{"0":261,"1":4,"2":23}}
,"/Users/hulin/Documents/projects/491jobseeker/v5/modules/frontend/src/services/api.ts": {"path":"/Users/hulin/Documents/projects/491jobseeker/v5/modules/frontend/src/services/api.ts","all":false,"statementMap":{"7":{"start":{"line":8,"column":0},"end":{"line":8,"column":76}},"12":{"start":{"line":13,"column":0},"end":{"line":13,"column":81}},"13":{"start":{"line":14,"column":0},"end":{"line":14,"column":42}},"15":{"start":{"line":16,"column":0},"end":{"line":16,"column":37}},"16":{"start":{"line":17,"column":0},"end":{"line":17,"column":14}},"17":{"start":{"line":18,"column":0},"end":{"line":18,"column":41}},"18":{"start":{"line":19,"column":0},"end":{"line":19,"column":26}},"19":{"start":{"line":20,"column":0},"end":{"line":20,"column":6}},"20":{"start":{"line":21,"column":0},"end":{"line":21,"column":15}},"21":{"start":{"line":22,"column":0},"end":{"line":22,"column":4}},"23":{"start":{"line":24,"column":0},"end":{"line":24,"column":21}},"24":{"start":{"line":25,"column":0},"end":{"line":25,"column":75}},"25":{"start":{"line":26,"column":0},"end":{"line":26,"column":3}},"27":{"start":{"line":28,"column":0},"end":{"line":28,"column":38}},"28":{"start":{"line":29,"column":0},"end":{"line":29,"column":1}},"33":{"start":{"line":34,"column":0},"end":{"line":34,"column":41}},"40":{"start":{"line":41,"column":0},"end":{"line":41,"column":30}},"41":{"start":{"line":42,"column":0},"end":{"line":42,"column":44}},"43":{"start":{"line":44,"column":0},"end":{"line":44,"column":70}},"44":{"start":{"line":45,"column":0},"end":{"line":45,"column":73}},"45":{"start":{"line":46,"column":0},"end":{"line":46,"column":68}},"46":{"start":{"line":47,"column":0},"end":{"line":47,"column":71}},"47":{"start":{"line":48,"column":0},"end":{"line":48,"column":89}},"48":{"start":{"line":49,"column":0},"end":{"line":49,"column":92}},"50":{"start":{"line":51,"column":0},"end":{"line":51,"column":45}},"51":{"start":{"line":52,"column":0},"end":{"line":52,"column":69}},"53":{"start":{"line":54,"column":0},"end":{"line":54,"column":44}},"54":{"start":{"line":55,"column":0},"end":{"line":55,"column":1}},"60":{"start":{"line":61,"column":0},"end":{"line":61,"column":65}},"61":{"start":{"line":62,"column":0},"end":{"line":62,"column":44}},"62":{"start":{"line":63,"column":0},"end":{"line":63,"column":1}}},"s":{"7":1,"12":10,"13":10,"15":10,"16":10,"17":10,"18":10,"19":10,"20":10,"21":10,"23":10,"24":2,"25":2,"27":8,"28":8,"33":8,"40":8,"41":8,"43":8,"44":8,"45":8,"46":8,"47":8,"48":8,"50":8,"51":8,"53":8,"54":8,"60":2,"61":2,"62":2},"branchMap":{"0":{"type":"branch","line":8,"loc":{"start":{"line":8,"column":37},"end":{"line":8,"column":76}},"locations":[{"start":{"line":8,"column":37},"end":{"line":8,"column":76}}]},"1":{"type":"branch","line":13,"loc":{"start":{"line":13,"column":0},"end":{"line":29,"column":1}},"locations":[{"start":{"line":13,"column":0},"end":{"line":29,"column":1}}]},"2":{"type":"branch","line":19,"loc":{"start":{"line":19,"column":9},"end":{"line":19,"column":26}},"locations":[{"start":{"line":19,"column":9},"end":{"line":19,"column":26}}]},"3":{"type":"branch","line":24,"loc":{"start":{"line":24,"column":20},"end":{"line":26,"column":3}},"locations":[{"start":{"line":24,"column":20},"end":{"line":26,"column":3}}]},"4":{"type":"branch","line":26,"loc":{"start":{"line":26,"column":2},"end":{"line":29,"column":1}},"locations":[{"start":{"line":26,"column":2},"end":{"line":29,"column":1}}]},"5":{"type":"branch","line":34,"loc":{"start":{"line":34,"column":0},"end":{"line":55,"column":1}},"locations":[{"start":{"line":34,"column":0},"end":{"line":55,"column":1}}]},"6":{"type":"branch","line":44,"loc":{"start":{"line":44,"column":19},"end":{"line":44,"column":70}},"locations":[{"start":{"line":44,"column":19},"end":{"line":44,"column":70}}]},"7":{"type":"branch","line":45,"loc":{"start":{"line":45,"column":20},"end":{"line":45,"column":73}},"locations":[{"start":{"line":45,"column":20},"end":{"line":45,"column":73}}]},"8":{"type":"branch","line":46,"loc":{"start":{"line":46,"column":22},"end":{"line":46,"column":68}},"locations":[{"start":{"line":46,"column":22},"end":{"line":46,"column":68}}]},"9":{"type":"branch","line":47,"loc":{"start":{"line":47,"column":23},"end":{"line":47,"column":71}},"locations":[{"start":{"line":47,"column":23},"end":{"line":47,"column":71}}]},"10":{"type":"branch","line":48,"loc":{"start":{"line":48,"column":29},"end":{"line":48,"column":89}},"locations":[{"start":{"line":48,"column":29},"end":{"line":48,"column":89}}]},"11":{"type":"branch","line":49,"loc":{"start":{"line":49,"column":30},"end":{"line":49,"column":92}},"locations":[{"start":{"line":49,"column":30},"end":{"line":49,"column":92}}]},"12":{"type":"branch","line":52,"loc":{"start":{"line":52,"column":31},"end":{"line":52,"column":65}},"locations":[{"start":{"line":52,"column":31},"end":{"line":52,"column":65}}]},"13":{"type":"branch","line":52,"loc":{"start":{"line":52,"column":60},"end":{"line":52,"column":67}},"locations":[{"start":{"line":52,"column":60},"end":{"line":52,"column":67}}]},"14":{"type":"branch","line":61,"loc":{"start":{"line":61,"column":0},"end":{"line":63,"column":1}},"locations":[{"start":{"line":61,"column":0},"end":{"line":63,"column":1}}]}},"b":{"0":[0],"1":[10],"2":[0],"3":[2],"4":[8],"5":[8],"6":[2],"7":[2],"8":[2],"9":[2],"10":[2],"11":[2],"12":[6],"13":[2],"14":[2]},"fnMap":{"0":{"name":"fetchApi","decl":{"start":{"line":13,"column":0},"end":{"line":29,"column":1}},"loc":{"start":{"line":13,"column":0},"end":{"line":29,"column":1}},"line":13},"1":{"name":"fetchJobs","decl":{"start":{"line":34,"column":0},"end":{"line":55,"column":1}},"loc":{"start":{"line":34,"column":0},"end":{"line":55,"column":1}},"line":34},"2":{"name":"fetchJobById","decl":{"start":{"line":61,"column":0},"end":{"line":63,"column":1}},"loc":{"start":{"line":61,"column":0},"end":{"line":63,"column":1}},"line":61}},"f":{"0":10,"1":8,"2":2}}
,"/Users/hulin/Documents/projects/491jobseeker/v5/modules/frontend/src/test/setup.ts": {"path":"/Users/hulin/Documents/projects/491jobseeker/v5/modules/frontend/src/test/setup.ts","all":true,"statementMap":{"0":{"start":{"line":1,"column":0},"end":{"line":1,"column":42}},"1":{"start":{"line":2,"column":0},"end":{"line":2,"column":48}},"2":{"start":{"line":3,"column":0},"end":{"line":3,"column":62}},"4":{"start":{"line":5,"column":0},"end":{"line":5,"column":23}},"6":{"start":{"line":7,"column":0},"end":{"line":7,"column":17}},"7":{"start":{"line":8,"column":0},"end":{"line":8,"column":11}},"8":{"start":{"line":9,"column":0},"end":{"line":9,"column":2}}},"s":{"0":0,"1":0,"2":0,"4":0,"6":0,"7":0,"8":0},"branchMap":{"0":{"type":"branch","line":1,"loc":{"start":{"line":1,"column":0},"end":{"line":9,"column":-120}},"locations":[{"start":{"line":1,"column":0},"end":{"line":9,"column":-120}}]}},"b":{"0":[0]},"fnMap":{"0":{"name":"(empty-report)","decl":{"start":{"line":1,"column":0},"end":{"line":9,"column":-120}},"loc":{"start":{"line":1,"column":0},"end":{"line":9,"column":-120}},"line":1}},"f":{"0":0}}
,"/Users/hulin/Documents/projects/491jobseeker/v5/modules/frontend/src/types/job.ts": {"path":"/Users/hulin/Documents/projects/491jobseeker/v5/modules/frontend/src/types/job.ts","all":false,"statementMap":{"57":{"start":{"line":58,"column":0},"end":{"line":58,"column":51}},"58":{"start":{"line":59,"column":0},"end":{"line":59,"column":10}},"59":{"start":{"line":60,"column":0},"end":{"line":60,"column":19}},"60":{"start":{"line":61,"column":0},"end":{"line":61,"column":28}},"61":{"start":{"line":62,"column":0},"end":{"line":62,"column":44}},"62":{"start":{"line":63,"column":0},"end":{"line":63,"column":34}},"63":{"start":{"line":64,"column":0},"end":{"line":64,"column":22}},"64":{"start":{"line":65,"column":0},"end":{"line":65,"column":24}},"65":{"start":{"line":66,"column":0},"end":{"line":66,"column":28}},"66":{"start":{"line":67,"column":0},"end":{"line":67,"column":40}},"67":{"start":{"line":68,"column":0},"end":{"line":68,"column":43}},"68":{"start":{"line":69,"column":0},"end":{"line":69,"column":45}},"69":{"start":{"line":70,"column":0},"end":{"line":70,"column":33}},"70":{"start":{"line":71,"column":0},"end":{"line":71,"column":39}},"71":{"start":{"line":72,"column":0},"end":{"line":72,"column":27}},"72":{"start":{"line":73,"column":0},"end":{"line":73,"column":30}},"73":{"start":{"line":74,"column":0},"end":{"line":74,"column":17}},"74":{"start":{"line":75,"column":0},"end":{"line":75,"column":8}},"75":{"start":{"line":76,"column":0},"end":{"line":76,"column":33}},"76":{"start":{"line":77,"column":0},"end":{"line":77,"column":33}},"77":{"start":{"line":78,"column":0},"end":{"line":78,"column":3}},"78":{"start":{"line":79,"column":0},"end":{"line":79,"column":1}}},"s":{"57":1,"58":22,"59":22,"60":22,"61":22,"62":22,"63":22,"64":22,"65":22,"66":22,"67":22,"68":22,"69":22,"70":22,"71":22,"72":22,"73":22,"74":22,"75":22,"76":22,"77":22,"78":22},"branchMap":{"0":{"type":"branch","line":58,"loc":{"start":{"line":58,"column":7},"end":{"line":79,"column":1}},"locations":[{"start":{"line":58,"column":7},"end":{"line":79,"column":1}}]},"1":{"type":"branch","line":71,"loc":{"start":{"line":71,"column":32},"end":{"line":75,"column":6}},"locations":[{"start":{"line":71,"column":32},"end":{"line":75,"column":6}}]}},"b":{"0":[22],"1":[22]},"fnMap":{"0":{"name":"normalizeJob","decl":{"start":{"line":58,"column":7},"end":{"line":79,"column":1}},"loc":{"start":{"line":58,"column":7},"end":{"line":79,"column":1}},"line":58}},"f":{"0":22}}
}
